<?xml version="1.0" encoding="UTF-8"?>
<testng-results skipped="0" failed="1" ignored="1" total="3" passed="1">
  <reporter-output>
  </reporter-output>
  <suite name="Suite" duration-ms="103285" started-at="2021-06-18T05:38:07Z" finished-at="2021-06-18T05:39:50Z">
    <groups>
    </groups>
    <test name="Test" duration-ms="103285" started-at="2021-06-18T05:38:07Z" finished-at="2021-06-18T05:39:50Z">
      <class name="com.main.test.Click_Image_Profile_Assert">
        <test-method status="PASS" signature="initiate_launch()[pri:0, instance:com.main.test.Click_Image_Profile_Assert@58651fd0]" name="initiate_launch" is-config="true" duration-ms="455" started-at="2021-06-18T05:38:07Z" finished-at="2021-06-18T05:38:07Z">
          <reporter-output>
          </reporter-output>
        </test-method> <!-- initiate_launch -->
        <test-method status="PASS" signature="initiate_launch()[pri:0, instance:com.main.test.LoginTest@4520ebad]" name="initiate_launch" is-config="true" duration-ms="12" started-at="2021-06-18T05:38:07Z" finished-at="2021-06-18T05:38:07Z">
          <reporter-output>
          </reporter-output>
        </test-method> <!-- initiate_launch -->
        <test-method status="PASS" signature="LaunchURL(java.lang.String)[pri:0, instance:com.main.test.Click_Image_Profile_Assert@58651fd0]" name="LaunchURL" is-config="true" duration-ms="6724" started-at="2021-06-18T05:38:19Z" finished-at="2021-06-18T05:38:25Z">
          <params>
            <param index="0">
              <value>
                <![CDATA[chrome]]>
              </value>
            </param>
          </params>
          <reporter-output>
          </reporter-output>
        </test-method> <!-- LaunchURL -->
        <test-method status="FAIL" signature="clickTest()[pri:2, instance:com.main.test.Click_Image_Profile_Assert@58651fd0]" name="clickTest" duration-ms="83493" started-at="2021-06-18T05:38:25Z" finished-at="2021-06-18T05:39:49Z">
          <exception class="org.openqa.selenium.NoSuchElementException">
            <message>
              <![CDATA[no such element: Unable to locate element: {"method":"xpath","selector":"//div[@class='addon-info-action addon-info-btn blue ng-binding ng-scope']"}
  (Session info: chrome=90.0.4430.212)
For documentation on this error, please visit: https://www.seleniumhq.org/exceptions/no_such_element.html
Build info: version: '3.141.59', revision: 'e82be7d358', time: '2018-11-14T08:17:03'
System info: host: 'LP-5CD6518TWJ', ip: '192.168.29.100', os.name: 'Windows 10', os.arch: 'amd64', os.version: '10.0', java.version: '1.8.0_241'
Driver info: org.openqa.selenium.chrome.ChromeDriver
Capabilities {acceptInsecureCerts: false, browserName: chrome, browserVersion: 90.0.4430.212, chrome: {chromedriverVersion: 90.0.4430.24 (4c6d850f087da..., userDataDir: C:\Users\apoorv.r\AppData\L...}, goog:chromeOptions: {debuggerAddress: localhost:51202}, javascriptEnabled: true, networkConnectionEnabled: false, pageLoadStrategy: normal, platform: WINDOWS, platformName: WINDOWS, proxy: Proxy(), setWindowRect: true, strictFileInteractability: false, timeouts: {implicit: 0, pageLoad: 300000, script: 30000}, unhandledPromptBehavior: dismiss and notify, webauthn:extension:largeBlob: true, webauthn:virtualAuthenticators: true}
Session ID: c0e63cf62655edf56fe7a170e99b475f
*** Element info: {Using=xpath, value=//div[@class='addon-info-action addon-info-btn blue ng-binding ng-scope']}]]>
            </message>
            <full-stacktrace>
              <![CDATA[org.openqa.selenium.NoSuchElementException: no such element: Unable to locate element: {"method":"xpath","selector":"//div[@class='addon-info-action addon-info-btn blue ng-binding ng-scope']"}
  (Session info: chrome=90.0.4430.212)
For documentation on this error, please visit: https://www.seleniumhq.org/exceptions/no_such_element.html
Build info: version: '3.141.59', revision: 'e82be7d358', time: '2018-11-14T08:17:03'
System info: host: 'LP-5CD6518TWJ', ip: '192.168.29.100', os.name: 'Windows 10', os.arch: 'amd64', os.version: '10.0', java.version: '1.8.0_241'
Driver info: org.openqa.selenium.chrome.ChromeDriver
Capabilities {acceptInsecureCerts: false, browserName: chrome, browserVersion: 90.0.4430.212, chrome: {chromedriverVersion: 90.0.4430.24 (4c6d850f087da..., userDataDir: C:\Users\apoorv.r\AppData\L...}, goog:chromeOptions: {debuggerAddress: localhost:51202}, javascriptEnabled: true, networkConnectionEnabled: false, pageLoadStrategy: normal, platform: WINDOWS, platformName: WINDOWS, proxy: Proxy(), setWindowRect: true, strictFileInteractability: false, timeouts: {implicit: 0, pageLoad: 300000, script: 30000}, unhandledPromptBehavior: dismiss and notify, webauthn:extension:largeBlob: true, webauthn:virtualAuthenticators: true}
Session ID: c0e63cf62655edf56fe7a170e99b475f
*** Element info: {Using=xpath, value=//div[@class='addon-info-action addon-info-btn blue ng-binding ng-scope']}
at sun.reflect.NativeConstructorAccessorImpl.newInstance0(Native Method)
at sun.reflect.NativeConstructorAccessorImpl.newInstance(NativeConstructorAccessorImpl.java:62)
at sun.reflect.DelegatingConstructorAccessorImpl.newInstance(DelegatingConstructorAccessorImpl.java:45)
at java.lang.reflect.Constructor.newInstance(Constructor.java:423)
at org.openqa.selenium.remote.http.W3CHttpResponseCodec.createException(W3CHttpResponseCodec.java:187)
at org.openqa.selenium.remote.http.W3CHttpResponseCodec.decode(W3CHttpResponseCodec.java:122)
at org.openqa.selenium.remote.http.W3CHttpResponseCodec.decode(W3CHttpResponseCodec.java:49)
at org.openqa.selenium.remote.HttpCommandExecutor.execute(HttpCommandExecutor.java:158)
at org.openqa.selenium.remote.service.DriverCommandExecutor.execute(DriverCommandExecutor.java:83)
at org.openqa.selenium.remote.RemoteWebDriver.execute(RemoteWebDriver.java:552)
at org.openqa.selenium.remote.RemoteWebDriver.findElement(RemoteWebDriver.java:323)
at org.openqa.selenium.remote.RemoteWebDriver.findElementByXPath(RemoteWebDriver.java:428)
at org.openqa.selenium.By$ByXPath.findElement(By.java:353)
at org.openqa.selenium.remote.RemoteWebDriver.findElement(RemoteWebDriver.java:315)
at org.openqa.selenium.support.pagefactory.DefaultElementLocator.findElement(DefaultElementLocator.java:69)
at org.openqa.selenium.support.pagefactory.internal.LocatingElementHandler.invoke(LocatingElementHandler.java:38)
at com.sun.proxy.$Proxy12.click(Unknown Source)
at com.main.pages.HomePage.image_Comapre_Install(HomePage.java:103)
at com.main.test.Click_Image_Profile_Assert.clickTest(Click_Image_Profile_Assert.java:101)
at sun.reflect.NativeMethodAccessorImpl.invoke0(Native Method)
at sun.reflect.NativeMethodAccessorImpl.invoke(NativeMethodAccessorImpl.java:62)
at sun.reflect.DelegatingMethodAccessorImpl.invoke(DelegatingMethodAccessorImpl.java:43)
at java.lang.reflect.Method.invoke(Method.java:498)
at org.testng.internal.MethodInvocationHelper.invokeMethod(MethodInvocationHelper.java:124)
at org.testng.internal.Invoker.invokeMethod(Invoker.java:583)
at org.testng.internal.Invoker.invokeTestMethod(Invoker.java:719)
at org.testng.internal.Invoker.invokeTestMethods(Invoker.java:989)
at org.testng.internal.TestMethodWorker.invokeTestMethods(TestMethodWorker.java:125)
at org.testng.internal.TestMethodWorker.run(TestMethodWorker.java:109)
at org.testng.TestRunner.privateRun(TestRunner.java:648)
at org.testng.TestRunner.run(TestRunner.java:505)
at org.testng.SuiteRunner.runTest(SuiteRunner.java:455)
at org.testng.SuiteRunner.access$000(SuiteRunner.java:40)
at org.testng.SuiteRunner$SuiteWorker.run(SuiteRunner.java:489)
at org.testng.internal.thread.ThreadUtil$1.call(ThreadUtil.java:52)
at java.util.concurrent.FutureTask.run(FutureTask.java:266)
at java.util.concurrent.ThreadPoolExecutor.runWorker(ThreadPoolExecutor.java:1149)
at java.util.concurrent.ThreadPoolExecutor$Worker.run(ThreadPoolExecutor.java:624)
at java.lang.Thread.run(Thread.java:748)
]]>
            </full-stacktrace>
          </exception> <!-- org.openqa.selenium.NoSuchElementException -->
          <reporter-output>
          </reporter-output>
        </test-method> <!-- clickTest -->
        <test-method status="PASS" signature="tearDown(org.testng.ITestResult)[pri:0, instance:com.main.test.Click_Image_Profile_Assert@58651fd0]" name="tearDown" is-config="true" duration-ms="534" started-at="2021-06-18T05:39:49Z" finished-at="2021-06-18T05:39:49Z">
          <params>
            <param index="0">
              <value>
                <![CDATA[[TestResult name=clickTest status=FAILURE method=Click_Image_Profile_Assert.clickTest()[pri:2, instance:com.main.test.Click_Image_Profile_Assert@58651fd0] output={null}]]]>
              </value>
            </param>
          </params>
          <reporter-output>
          </reporter-output>
        </test-method> <!-- tearDown -->
        <test-method status="PASS" signature="flushReport()[pri:0, instance:com.main.test.Click_Image_Profile_Assert@58651fd0]" name="flushReport" is-config="true" duration-ms="744" started-at="2021-06-18T05:39:49Z" finished-at="2021-06-18T05:39:50Z">
          <reporter-output>
          </reporter-output>
        </test-method> <!-- flushReport -->
        <test-method status="PASS" signature="flushReport()[pri:0, instance:com.main.test.LoginTest@4520ebad]" name="flushReport" is-config="true" duration-ms="18" started-at="2021-06-18T05:39:50Z" finished-at="2021-06-18T05:39:50Z">
          <reporter-output>
          </reporter-output>
        </test-method> <!-- flushReport -->
      </class> <!-- com.main.test.Click_Image_Profile_Assert -->
      <class name="com.main.test.LoginTest">
        <test-method status="PASS" signature="LaunchURL(java.lang.String)[pri:0, instance:com.main.test.LoginTest@4520ebad]" name="LaunchURL" is-config="true" duration-ms="7805" started-at="2021-06-18T05:38:07Z" finished-at="2021-06-18T05:38:15Z">
          <params>
            <param index="0">
              <value>
                <![CDATA[chrome]]>
              </value>
            </param>
          </params>
          <reporter-output>
          </reporter-output>
        </test-method> <!-- LaunchURL -->
        <test-method status="PASS" signature="loginTest()[pri:0, instance:com.main.test.LoginTest@4520ebad]" name="loginTest" duration-ms="3082" started-at="2021-06-18T05:38:15Z" finished-at="2021-06-18T05:38:18Z">
          <reporter-output>
          </reporter-output>
        </test-method> <!-- loginTest -->
        <test-method status="PASS" signature="tearDown(org.testng.ITestResult)[pri:0, instance:com.main.test.LoginTest@4520ebad]" name="tearDown" is-config="true" duration-ms="332" started-at="2021-06-18T05:38:18Z" finished-at="2021-06-18T05:38:19Z">
          <params>
            <param index="0">
              <value>
                <![CDATA[[TestResult name=loginTest status=SUCCESS method=LoginTest.loginTest()[pri:0, instance:com.main.test.LoginTest@4520ebad] output={null}]]]>
              </value>
            </param>
          </params>
          <reporter-output>
          </reporter-output>
        </test-method> <!-- tearDown -->
      </class> <!-- com.main.test.LoginTest -->
    </test> <!-- Test -->
  </suite> <!-- Suite -->
</testng-results>
